Starting "HR"."EXP_SD_834-16_06_25":  
Processing object type SCHEMA_EXPORT/TABLE/TABLE_DATA
.  estimated "HR"."EXP_SD_830-15_59_36"                  333.1 KB
.  estimated "HR"."ANIME"                                4.683 KB
.  estimated "HR"."ANIME_CHARACTER"                      4.683 KB
.  estimated "HR"."ANIME_ESPISODE"                       4.683 KB
.  estimated "HR"."ANIME_NAME"                           4.683 KB
.  estimated "HR"."ANIME_SERIES"                         4.683 KB
.  estimated "HR"."AUTHOR"                               4.683 KB
.  estimated "HR"."AUTHOR_ANIME"                         4.683 KB
.  estimated "HR"."COMMENTS"                             4.683 KB
.  estimated "HR"."DIRECTOR"                             4.683 KB
.  estimated "HR"."DIRECTOR_ANIME"                       4.683 KB
.  estimated "HR"."FOLLOW_ANIME"                         4.683 KB
.  estimated "HR"."HISTORY_ANIME"                        4.683 KB
.  estimated "HR"."IMAGES"                               4.683 KB
.  estimated "HR"."NOTIFICATION"                         4.683 KB
.  estimated "HR"."RATING"                               4.683 KB
.  estimated "HR"."ROLE"                                 4.683 KB
.  estimated "HR"."SEASON"                               4.683 KB
.  estimated "HR"."SHOWTIMES"                            4.683 KB
.  estimated "HR"."STUDIO"                               4.683 KB
.  estimated "HR"."STUDIO_ANIME"                         4.683 KB
.  estimated "HR"."TYPE"                                 4.683 KB
.  estimated "HR"."TYPE_ANIME"                           4.683 KB
.  estimated "HR"."USERS"                                4.683 KB
Processing object type SCHEMA_EXPORT/TABLE/INDEX/STATISTICS/INDEX_STATISTICS
Processing object type SCHEMA_EXPORT/TABLE/STATISTICS/TABLE_STATISTICS
Processing object type SCHEMA_EXPORT/STATISTICS/MARKER
Processing object type SCHEMA_EXPORT/PRE_SCHEMA/PROCACT_SCHEMA
Processing object type SCHEMA_EXPORT/SEQUENCE/SEQUENCE
Processing object type SCHEMA_EXPORT/TABLE/TABLE
Processing object type SCHEMA_EXPORT/TABLE/COMMENT
Processing object type SCHEMA_EXPORT/TABLE/INDEX/INDEX
Processing object type SCHEMA_EXPORT/TABLE/CONSTRAINT/CONSTRAINT
Processing object type SCHEMA_EXPORT/TABLE/CONSTRAINT/REF_CONSTRAINT
Processing object type SCHEMA_EXPORT/TABLE/TRIGGER
. . exported "HR"."EXP_SD_830-15_59_36"                  137.2 KB    1813 rows
. . exported "HR"."ANIME"                                10.32 KB      15 rows
. . exported "HR"."ANIME_CHARACTER"                      5.304 KB      28 rows
. . exported "HR"."ANIME_ESPISODE"                       6.914 KB     199 rows
. . exported "HR"."ANIME_NAME"                           5.687 KB      24 rows
. . exported "HR"."ANIME_SERIES"                         5.148 KB      14 rows
. . exported "HR"."AUTHOR"                               5.046 KB      14 rows
. . exported "HR"."AUTHOR_ANIME"                         4.960 KB      15 rows
. . exported "HR"."COMMENTS"                             5.421 KB       1 rows
. . exported "HR"."DIRECTOR"                             5.039 KB      15 rows
. . exported "HR"."DIRECTOR_ANIME"                       4.992 KB      16 rows
. . exported "HR"."FOLLOW_ANIME"                         5.031 KB       3 rows
. . exported "HR"."HISTORY_ANIME"                            0 KB       0 rows
. . exported "HR"."IMAGES"                               28.64 MB      58 rows
. . exported "HR"."NOTIFICATION"                             0 KB       0 rows
. . exported "HR"."RATING"                               5.093 KB       2 rows
. . exported "HR"."ROLE"                                 4.835 KB       3 rows
. . exported "HR"."SEASON"                               5.085 KB      20 rows
. . exported "HR"."SHOWTIMES"                            5.171 KB      15 rows
. . exported "HR"."STUDIO"                                   5 KB      11 rows
. . exported "HR"."STUDIO_ANIME"                         4.984 KB      16 rows
. . exported "HR"."TYPE"                                 5.210 KB      32 rows
. . exported "HR"."TYPE_ANIME"                           5.101 KB      61 rows
. . exported "HR"."USERS"                                5.640 KB       2 rows
Master table "HR"."EXP_SD_834-16_06_25" successfully loaded/unloaded
******************************************************************************
Dump file set for HR.EXP_SD_834-16_06_25 is:
  D:\FPT\ANIMEWEBSITE\DBCONNECTION\EXPDAT01-16_08_13.DMP
Job "HR"."EXP_SD_834-16_06_25" successfully completed at Tue May 21 16:08:29 2024 elapsed 0 00:00:16
