Starting "HR"."EXP_SD_730-02_16_59":  
Processing object type SCHEMA_EXPORT/TABLE/TABLE_DATA
.  estimated "HR"."ANIME"                                25.62 KB
.  estimated "HR"."IMAGES"                               16.70 KB
.  estimated "HR"."ANIME_ESPISODE"                       11.77 KB
.  estimated "HR"."USERS"                                8.699 KB
.  estimated "HR"."COMMENTS"                             8.136 KB
.  estimated "HR"."AUTH_PERMISSION"                      7.824 KB
.  estimated "HR"."DJANGO_MIGRATIONS"                    7.660 KB
.  estimated "HR"."ANIME_NAME"                           7.613 KB
.  estimated "HR"."ANIME_CHARACTER"                      6.601 KB
.  estimated "HR"."RATING"                               6.597 KB
.  estimated "HR"."SHOWTIMES"                            6.403 KB
.  estimated "HR"."TYPE_ANIME"                           6.344 KB
.  estimated "HR"."SEASON"                               6.257 KB
.  estimated "HR"."FOLLOW_ANIME"                         6.233 KB
.  estimated "HR"."DJANGO_CONTENT_TYPE"                  5.996 KB
.  estimated "HR"."TYPE"                                 5.996 KB
.  estimated "HR"."DIRECTOR_ANIME"                       5.949 KB
.  estimated "HR"."STUDIO_ANIME"                         5.949 KB
.  estimated "HR"."AUTHOR_ANIME"                         5.940 KB
.  estimated "HR"."ANIME_SERIES"                         5.939 KB
.  estimated "HR"."DIRECTOR"                             5.931 KB
.  estimated "HR"."AUTHOR"                               5.830 KB
.  estimated "HR"."STUDIO"                               5.680 KB
.  estimated "HR"."ROLE"                                 5.480 KB
.  estimated "HR"."AUTH_GROUP"                           4.683 KB
.  estimated "HR"."AUTH_GROUP_PERMISSIONS"               4.683 KB
.  estimated "HR"."AUTH_USER"                            4.683 KB
.  estimated "HR"."AUTH_USER_GROUPS"                     4.683 KB
.  estimated "HR"."AUTH_USER_USER_PERMISSIONS"           4.683 KB
.  estimated "HR"."DJANGO_ADMIN_LOG"                     4.683 KB
.  estimated "HR"."DJANGO_SESSION"                       4.683 KB
.  estimated "HR"."HISTORY_ANIME"                        4.683 KB
.  estimated "HR"."NOTIFICATION"                         4.683 KB
Processing object type SCHEMA_EXPORT/TABLE/INDEX/STATISTICS/INDEX_STATISTICS
Processing object type SCHEMA_EXPORT/TABLE/STATISTICS/TABLE_STATISTICS
Processing object type SCHEMA_EXPORT/STATISTICS/MARKER
Processing object type SCHEMA_EXPORT/PRE_SCHEMA/PROCACT_SCHEMA
Processing object type SCHEMA_EXPORT/SEQUENCE/SEQUENCE
Processing object type SCHEMA_EXPORT/TABLE/TABLE
Processing object type SCHEMA_EXPORT/TABLE/COMMENT
Processing object type SCHEMA_EXPORT/TABLE/IDENTITY_COLUMN
Processing object type SCHEMA_EXPORT/TABLE/INDEX/INDEX
Processing object type SCHEMA_EXPORT/TABLE/CONSTRAINT/CONSTRAINT
Processing object type SCHEMA_EXPORT/TABLE/CONSTRAINT/REF_CONSTRAINT
Processing object type SCHEMA_EXPORT/TABLE/TRIGGER
. . exported "HR"."ANIME"                                10.33 KB      15 rows
. . exported "HR"."IMAGES"                               28.64 MB      58 rows
. . exported "HR"."ANIME_ESPISODE"                       6.867 KB     199 rows
. . exported "HR"."USERS"                                5.625 KB       2 rows
. . exported "HR"."COMMENTS"                             5.414 KB       1 rows
. . exported "HR"."AUTH_PERMISSION"                      5.523 KB      24 rows
. . exported "HR"."DJANGO_MIGRATIONS"                    5.687 KB      18 rows
. . exported "HR"."ANIME_NAME"                           5.671 KB      24 rows
. . exported "HR"."ANIME_CHARACTER"                      5.304 KB      28 rows
. . exported "HR"."RATING"                               5.117 KB       2 rows
. . exported "HR"."SHOWTIMES"                            5.179 KB      15 rows
. . exported "HR"."TYPE_ANIME"                           5.101 KB      61 rows
. . exported "HR"."SEASON"                               5.085 KB      20 rows
. . exported "HR"."FOLLOW_ANIME"                         5.031 KB       3 rows
. . exported "HR"."DJANGO_CONTENT_TYPE"                  5.070 KB       6 rows
. . exported "HR"."TYPE"                                 5.218 KB      32 rows
. . exported "HR"."DIRECTOR_ANIME"                       4.976 KB      16 rows
. . exported "HR"."STUDIO_ANIME"                         4.976 KB      16 rows
. . exported "HR"."AUTHOR_ANIME"                         4.960 KB      15 rows
. . exported "HR"."ANIME_SERIES"                         5.148 KB      14 rows
. . exported "HR"."DIRECTOR"                             5.039 KB      15 rows
. . exported "HR"."AUTHOR"                               5.054 KB      14 rows
. . exported "HR"."STUDIO"                               4.992 KB      11 rows
. . exported "HR"."ROLE"                                 4.828 KB       3 rows
. . exported "HR"."AUTH_GROUP"                               0 KB       0 rows
. . exported "HR"."AUTH_GROUP_PERMISSIONS"                   0 KB       0 rows
. . exported "HR"."AUTH_USER"                                0 KB       0 rows
. . exported "HR"."AUTH_USER_GROUPS"                         0 KB       0 rows
. . exported "HR"."AUTH_USER_USER_PERMISSIONS"               0 KB       0 rows
. . exported "HR"."DJANGO_ADMIN_LOG"                         0 KB       0 rows
. . exported "HR"."DJANGO_SESSION"                           0 KB       0 rows
. . exported "HR"."HISTORY_ANIME"                            0 KB       0 rows
. . exported "HR"."NOTIFICATION"                             0 KB       0 rows
Master table "HR"."EXP_SD_730-02_16_59" successfully loaded/unloaded
******************************************************************************
Dump file set for HR.EXP_SD_730-02_16_59 is:
  D:\FPT\ANIMEWEBSITE\DBCONNECTION\EXPDAT01-02_20_57.DMP
Job "HR"."EXP_SD_730-02_16_59" successfully completed at Mon May 20 02:21:18 2024 elapsed 0 00:00:22
